{"D:\\web\\vue_2\\vue-rss-news\\src\\App.vue": {"path":"D:\\web\\vue_2\\vue-rss-news\\src\\App.vue","statementMap":{"0":{"start":{"line":1,"column":0},"end":{"line":1,"column":null}}},"fnMap":{"0":{"name":"(anonymous_0)","decl":{"start":{"line":1,"column":0},"end":{"line":1,"column":null}},"loc":{"start":{"line":1,"column":0},"end":{"line":1,"column":null}}}},"branchMap":{"0":{"loc":{"start":{"line":1,"column":0},"end":{"line":1,"column":null}},"type":"cond-expr","locations":[{"start":{"line":1,"column":0},"end":{"line":1,"column":null}},{"start":{"line":1,"column":0},"end":{"line":1,"column":null}}]}},"s":{"0":18},"f":{"0":5},"b":{"0":[1,4]}}
,"D:\\web\\vue_2\\vue-rss-news\\src\\components\\RSSControls.vue": {"path":"D:\\web\\vue_2\\vue-rss-news\\src\\components\\RSSControls.vue","statementMap":{"0":{"start":{"line":1,"column":0},"end":{"line":1,"column":null}}},"fnMap":{"0":{"name":"(anonymous_0)","decl":{"start":{"line":1,"column":0},"end":{"line":1,"column":null}},"loc":{"start":{"line":1,"column":0},"end":{"line":1,"column":null}}}},"branchMap":{},"s":{"0":28},"f":{"0":8},"b":{}}
,"D:\\web\\vue_2\\vue-rss-news\\src\\components\\RSSHeader.vue": {"path":"D:\\web\\vue_2\\vue-rss-news\\src\\components\\RSSHeader.vue","statementMap":{"0":{"start":{"line":1,"column":0},"end":{"line":1,"column":null}}},"fnMap":{"0":{"name":"(anonymous_0)","decl":{"start":{"line":1,"column":0},"end":{"line":1,"column":null}},"loc":{"start":{"line":1,"column":0},"end":{"line":1,"column":null}}}},"branchMap":{"0":{"loc":{"start":{"line":1,"column":0},"end":{"line":1,"column":null}},"type":"if","locations":[{"start":{"line":1,"column":0},"end":{"line":1,"column":null}}]},"1":{"loc":{"start":{"line":1,"column":0},"end":{"line":1,"column":null}},"type":"binary-expr","locations":[{"start":{"line":1,"column":0},"end":{"line":1,"column":null}},{"start":{"line":1,"column":0},"end":{"line":1,"column":null}}]}},"s":{"0":31},"f":{"0":9},"b":{"0":[1],"1":[2,2]}}
,"D:\\web\\vue_2\\vue-rss-news\\src\\components\\RSSNewsItem.vue": {"path":"D:\\web\\vue_2\\vue-rss-news\\src\\components\\RSSNewsItem.vue","statementMap":{"0":{"start":{"line":1,"column":0},"end":{"line":1,"column":null}}},"fnMap":{"0":{"name":"(anonymous_0)","decl":{"start":{"line":1,"column":0},"end":{"line":1,"column":null}},"loc":{"start":{"line":1,"column":0},"end":{"line":1,"column":null}}}},"branchMap":{"0":{"loc":{"start":{"line":1,"column":0},"end":{"line":1,"column":null}},"type":"cond-expr","locations":[{"start":{"line":1,"column":0},"end":{"line":1,"column":null}},{"start":{"line":1,"column":0},"end":{"line":1,"column":null}}]}},"s":{"0":36},"f":{"0":7},"b":{"0":[6,1]}}
,"D:\\web\\vue_2\\vue-rss-news\\src\\components\\RSSNewsWrapper.vue": {"path":"D:\\web\\vue_2\\vue-rss-news\\src\\components\\RSSNewsWrapper.vue","statementMap":{"0":{"start":{"line":1,"column":0},"end":{"line":1,"column":null}}},"fnMap":{"0":{"name":"(anonymous_0)","decl":{"start":{"line":1,"column":0},"end":{"line":1,"column":null}},"loc":{"start":{"line":1,"column":0},"end":{"line":1,"column":null}}}},"branchMap":{"0":{"loc":{"start":{"line":1,"column":0},"end":{"line":1,"column":null}},"type":"cond-expr","locations":[{"start":{"line":1,"column":0},"end":{"line":1,"column":null}},{"start":{"line":1,"column":0},"end":{"line":1,"column":null}}]}},"s":{"0":45},"f":{"0":19},"b":{"0":[6,1]}}
,"D:\\web\\vue_2\\vue-rss-news\\src\\components\\RSSSprite.vue": {"path":"D:\\web\\vue_2\\vue-rss-news\\src\\components\\RSSSprite.vue","statementMap":{"0":{"start":{"line":1,"column":0},"end":{"line":1,"column":null}}},"fnMap":{"0":{"name":"(anonymous_0)","decl":{"start":{"line":1,"column":0},"end":{"line":1,"column":null}},"loc":{"start":{"line":1,"column":0},"end":{"line":1,"column":null}}}},"branchMap":{},"s":{"0":9},"f":{"0":1},"b":{}}
,"D:\\web\\vue_2\\vue-rss-news\\src\\components\\ui\\RSSPagination.vue": {"path":"D:\\web\\vue_2\\vue-rss-news\\src\\components\\ui\\RSSPagination.vue","statementMap":{"0":{"start":{"line":1,"column":0},"end":{"line":1,"column":null}}},"fnMap":{"0":{"name":"(anonymous_0)","decl":{"start":{"line":1,"column":0},"end":{"line":1,"column":null}},"loc":{"start":{"line":1,"column":0},"end":{"line":1,"column":null}}}},"branchMap":{"0":{"loc":{"start":{"line":1,"column":0},"end":{"line":1,"column":null}},"type":"cond-expr","locations":[{"start":{"line":1,"column":0},"end":{"line":1,"column":null}},{"start":{"line":1,"column":0},"end":{"line":1,"column":null}}]}},"s":{"0":48},"f":{"0":27},"b":{"0":[6,3]}}
,"D:\\web\\vue_2\\vue-rss-news\\src\\components\\ui\\RSSPaginationItem.vue": {"path":"D:\\web\\vue_2\\vue-rss-news\\src\\components\\ui\\RSSPaginationItem.vue","statementMap":{"0":{"start":{"line":1,"column":0},"end":{"line":1,"column":null}}},"fnMap":{"0":{"name":"(anonymous_1)","decl":{"start":{"line":1,"column":0},"end":{"line":1,"column":null}},"loc":{"start":{"line":1,"column":0},"end":{"line":1,"column":null}}}},"branchMap":{},"s":{"0":33},"f":{"0":5},"b":{}}
,"D:\\web\\vue_2\\vue-rss-news\\src\\mocks\\mosNews.js": {"path":"D:\\web\\vue_2\\vue-rss-news\\src\\mocks\\mosNews.js","statementMap":{"0":{"start":{"line":1,"column":16},"end":{"line":26,"column":1}},"1":{"start":{"line":28,"column":22},"end":{"line":53,"column":1}}},"fnMap":{},"branchMap":{},"s":{"0":1,"1":1},"f":{},"b":{},"_coverageSchema":"1a1c01bbd47fc00a2c39e90264f33305004495a9","hash":"e8c8741f67852648f3edfcdf7335f20aaac7247a"}
,"D:\\web\\vue_2\\vue-rss-news\\src\\mocks\\newsChannel.js": {"path":"D:\\web\\vue_2\\vue-rss-news\\src\\mocks\\newsChannel.js","statementMap":{"0":{"start":{"line":1,"column":14},"end":{"line":43,"column":1}},"1":{"start":{"line":45,"column":20},"end":{"line":126,"column":1}}},"fnMap":{},"branchMap":{},"s":{"0":2,"1":2},"f":{},"b":{},"_coverageSchema":"1a1c01bbd47fc00a2c39e90264f33305004495a9","hash":"55a3de0ed091c40248a826b21c9578e13095be9c"}
,"D:\\web\\vue_2\\vue-rss-news\\src\\mocks\\riaNews.js": {"path":"D:\\web\\vue_2\\vue-rss-news\\src\\mocks\\riaNews.js","statementMap":{"0":{"start":{"line":1,"column":16},"end":{"line":26,"column":1}},"1":{"start":{"line":28,"column":22},"end":{"line":53,"column":1}}},"fnMap":{},"branchMap":{},"s":{"0":1,"1":1},"f":{},"b":{},"_coverageSchema":"1a1c01bbd47fc00a2c39e90264f33305004495a9","hash":"9a9ffbab7fd57b67fb1fd04989d29fea10415e48"}
,"D:\\web\\vue_2\\vue-rss-news\\src\\router\\index.js": {"path":"D:\\web\\vue_2\\vue-rss-news\\src\\router\\index.js","statementMap":{"0":{"start":{"line":4,"column":0},"end":{"line":4,"column":18}},"1":{"start":{"line":6,"column":15},"end":{"line":31,"column":1}},"2":{"start":{"line":14,"column":25},"end":{"line":14,"column":49}},"3":{"start":{"line":19,"column":25},"end":{"line":19,"column":49}},"4":{"start":{"line":24,"column":25},"end":{"line":24,"column":49}},"5":{"start":{"line":29,"column":25},"end":{"line":29,"column":49}},"6":{"start":{"line":33,"column":15},"end":{"line":37,"column":2}}},"fnMap":{"0":{"name":"(anonymous_0)","decl":{"start":{"line":14,"column":19},"end":{"line":14,"column":20}},"loc":{"start":{"line":14,"column":25},"end":{"line":14,"column":49}},"line":14},"1":{"name":"(anonymous_1)","decl":{"start":{"line":19,"column":19},"end":{"line":19,"column":20}},"loc":{"start":{"line":19,"column":25},"end":{"line":19,"column":49}},"line":19},"2":{"name":"(anonymous_2)","decl":{"start":{"line":24,"column":19},"end":{"line":24,"column":20}},"loc":{"start":{"line":24,"column":25},"end":{"line":24,"column":49}},"line":24},"3":{"name":"(anonymous_3)","decl":{"start":{"line":29,"column":19},"end":{"line":29,"column":20}},"loc":{"start":{"line":29,"column":25},"end":{"line":29,"column":49}},"line":29}},"branchMap":{},"s":{"0":0,"1":0,"2":0,"3":0,"4":0,"5":0,"6":0},"f":{"0":0,"1":0,"2":0,"3":0},"b":{}}
,"D:\\web\\vue_2\\vue-rss-news\\src\\store\\index.js": {"path":"D:\\web\\vue_2\\vue-rss-news\\src\\store\\index.js","statementMap":{"0":{"start":{"line":6,"column":0},"end":{"line":6,"column":13}}},"fnMap":{},"branchMap":{},"s":{"0":0},"f":{},"b":{}}
,"D:\\web\\vue_2\\vue-rss-news\\src\\store\\modules\\errors.js": {"path":"D:\\web\\vue_2\\vue-rss-news\\src\\store\\modules\\errors.js","statementMap":{"0":{"start":{"line":1,"column":13},"end":{"line":22,"column":1}},"1":{"start":{"line":8,"column":27},"end":{"line":8,"column":38}},"2":{"start":{"line":13,"column":12},"end":{"line":13,"column":31}},"3":{"start":{"line":17,"column":12},"end":{"line":17,"column":28}}},"fnMap":{"0":{"name":"(anonymous_0)","decl":{"start":{"line":8,"column":18},"end":{"line":8,"column":19}},"loc":{"start":{"line":8,"column":27},"end":{"line":8,"column":38}},"line":8},"1":{"name":"(anonymous_1)","decl":{"start":{"line":12,"column":8},"end":{"line":12,"column":9}},"loc":{"start":{"line":12,"column":31},"end":{"line":14,"column":9}},"line":12},"2":{"name":"(anonymous_2)","decl":{"start":{"line":16,"column":8},"end":{"line":16,"column":9}},"loc":{"start":{"line":16,"column":26},"end":{"line":18,"column":9}},"line":16}},"branchMap":{},"s":{"0":1,"1":1,"2":1,"3":1},"f":{"0":1,"1":1,"2":1},"b":{},"_coverageSchema":"1a1c01bbd47fc00a2c39e90264f33305004495a9","hash":"7fdd958a713a8db37d3e66e9d262f7cd5fd68d8c"}
,"D:\\web\\vue_2\\vue-rss-news\\src\\store\\modules\\news.js": {"path":"D:\\web\\vue_2\\vue-rss-news\\src\\store\\modules\\news.js","statementMap":{"0":{"start":{"line":4,"column":11},"end":{"line":96,"column":1}},"1":{"start":{"line":18,"column":12},"end":{"line":20,"column":13}},"2":{"start":{"line":19,"column":16},"end":{"line":19,"column":36}},"3":{"start":{"line":22,"column":12},"end":{"line":24,"column":13}},"4":{"start":{"line":23,"column":16},"end":{"line":23,"column":36}},"5":{"start":{"line":26,"column":12},"end":{"line":28,"column":13}},"6":{"start":{"line":27,"column":16},"end":{"line":27,"column":59}},"7":{"start":{"line":30,"column":12},"end":{"line":32,"column":14}},"8":{"start":{"line":31,"column":16},"end":{"line":31,"column":64}},"9":{"start":{"line":36,"column":22},"end":{"line":36,"column":79}},"10":{"start":{"line":38,"column":27},"end":{"line":38,"column":48}},"11":{"start":{"line":40,"column":12},"end":{"line":44,"column":14}},"12":{"start":{"line":41,"column":16},"end":{"line":43,"column":17}},"13":{"start":{"line":42,"column":20},"end":{"line":42,"column":29}},"14":{"start":{"line":47,"column":30},"end":{"line":47,"column":44}},"15":{"start":{"line":49,"column":40},"end":{"line":49,"column":64}},"16":{"start":{"line":51,"column":35},"end":{"line":51,"column":54}},"17":{"start":{"line":56,"column":12},"end":{"line":56,"column":44}},"18":{"start":{"line":60,"column":12},"end":{"line":60,"column":44}},"19":{"start":{"line":64,"column":12},"end":{"line":64,"column":41}},"20":{"start":{"line":68,"column":12},"end":{"line":68,"column":33}},"21":{"start":{"line":72,"column":12},"end":{"line":72,"column":37}},"22":{"start":{"line":78,"column":12},"end":{"line":93,"column":13}},"23":{"start":{"line":79,"column":16},"end":{"line":79,"column":47}},"24":{"start":{"line":81,"column":35},"end":{"line":81,"column":51}},"25":{"start":{"line":82,"column":35},"end":{"line":82,"column":51}},"26":{"start":{"line":84,"column":37},"end":{"line":84,"column":82}},"27":{"start":{"line":86,"column":16},"end":{"line":86,"column":41}},"28":{"start":{"line":87,"column":16},"end":{"line":87,"column":41}},"29":{"start":{"line":90,"column":16},"end":{"line":90,"column":68}},"30":{"start":{"line":92,"column":16},"end":{"line":92,"column":48}}},"fnMap":{"0":{"name":"(anonymous_0)","decl":{"start":{"line":15,"column":8},"end":{"line":15,"column":9}},"loc":{"start":{"line":15,"column":23},"end":{"line":33,"column":9}},"line":15},"1":{"name":"(anonymous_1)","decl":{"start":{"line":30,"column":29},"end":{"line":30,"column":30}},"loc":{"start":{"line":30,"column":39},"end":{"line":32,"column":13}},"line":30},"2":{"name":"(anonymous_2)","decl":{"start":{"line":35,"column":8},"end":{"line":35,"column":9}},"loc":{"start":{"line":35,"column":40},"end":{"line":45,"column":9}},"line":35},"3":{"name":"(anonymous_3)","decl":{"start":{"line":40,"column":42},"end":{"line":40,"column":43}},"loc":{"start":{"line":40,"column":48},"end":{"line":44,"column":13}},"line":40},"4":{"name":"(anonymous_4)","decl":{"start":{"line":47,"column":21},"end":{"line":47,"column":22}},"loc":{"start":{"line":47,"column":30},"end":{"line":47,"column":44}},"line":47},"5":{"name":"(anonymous_5)","decl":{"start":{"line":49,"column":31},"end":{"line":49,"column":32}},"loc":{"start":{"line":49,"column":40},"end":{"line":49,"column":64}},"line":49},"6":{"name":"(anonymous_6)","decl":{"start":{"line":51,"column":26},"end":{"line":51,"column":27}},"loc":{"start":{"line":51,"column":35},"end":{"line":51,"column":54}},"line":51},"7":{"name":"(anonymous_7)","decl":{"start":{"line":55,"column":8},"end":{"line":55,"column":9}},"loc":{"start":{"line":55,"column":35},"end":{"line":57,"column":9}},"line":55},"8":{"name":"(anonymous_8)","decl":{"start":{"line":59,"column":8},"end":{"line":59,"column":9}},"loc":{"start":{"line":59,"column":35},"end":{"line":61,"column":9}},"line":59},"9":{"name":"(anonymous_9)","decl":{"start":{"line":63,"column":8},"end":{"line":63,"column":9}},"loc":{"start":{"line":63,"column":41},"end":{"line":65,"column":9}},"line":63},"10":{"name":"(anonymous_10)","decl":{"start":{"line":67,"column":8},"end":{"line":67,"column":9}},"loc":{"start":{"line":67,"column":33},"end":{"line":69,"column":9}},"line":67},"11":{"name":"(anonymous_11)","decl":{"start":{"line":71,"column":8},"end":{"line":71,"column":9}},"loc":{"start":{"line":71,"column":37},"end":{"line":73,"column":9}},"line":71},"12":{"name":"(anonymous_12)","decl":{"start":{"line":77,"column":8},"end":{"line":77,"column":9}},"loc":{"start":{"line":77,"column":43},"end":{"line":94,"column":9}},"line":77}},"branchMap":{"0":{"loc":{"start":{"line":18,"column":12},"end":{"line":20,"column":13}},"type":"if","locations":[{"start":{"line":18,"column":12},"end":{"line":20,"column":13}},{"start":{},"end":{}}],"line":18},"1":{"loc":{"start":{"line":22,"column":12},"end":{"line":24,"column":13}},"type":"if","locations":[{"start":{"line":22,"column":12},"end":{"line":24,"column":13}},{"start":{},"end":{}}],"line":22},"2":{"loc":{"start":{"line":26,"column":12},"end":{"line":28,"column":13}},"type":"if","locations":[{"start":{"line":26,"column":12},"end":{"line":28,"column":13}},{"start":{},"end":{}}],"line":26},"3":{"loc":{"start":{"line":41,"column":16},"end":{"line":43,"column":17}},"type":"if","locations":[{"start":{"line":41,"column":16},"end":{"line":43,"column":17}},{"start":{},"end":{}}],"line":41}},"s":{"0":1,"1":3,"2":1,"3":3,"4":1,"5":3,"6":1,"7":3,"8":9,"9":1,"10":1,"11":1,"12":3,"13":1,"14":1,"15":1,"16":1,"17":1,"18":1,"19":1,"20":1,"21":1,"22":2,"23":2,"24":2,"25":2,"26":2,"27":1,"28":1,"29":1,"30":2},"f":{"0":3,"1":9,"2":1,"3":3,"4":1,"5":1,"6":1,"7":1,"8":1,"9":1,"10":1,"11":1,"12":2},"b":{"0":[1,2],"1":[1,2],"2":[1,2],"3":[1,2]},"_coverageSchema":"1a1c01bbd47fc00a2c39e90264f33305004495a9","hash":"a4b6b45c5e51d2d7b362d4f16c28bb1c9d12deec"}
,"D:\\web\\vue_2\\vue-rss-news\\src\\utils\\convertNews.js": {"path":"D:\\web\\vue_2\\vue-rss-news\\src\\utils\\convertNews.js","statementMap":{"0":{"start":{"line":9,"column":17},"end":{"line":9,"column":27}},"1":{"start":{"line":11,"column":20},"end":{"line":11,"column":42}},"2":{"start":{"line":12,"column":20},"end":{"line":12,"column":39}},"3":{"start":{"line":14,"column":15},"end":{"line":31,"column":6}},"4":{"start":{"line":17,"column":8},"end":{"line":21,"column":9}},"5":{"start":{"line":18,"column":12},"end":{"line":18,"column":42}},"6":{"start":{"line":20,"column":12},"end":{"line":20,"column":39}},"7":{"start":{"line":23,"column":8},"end":{"line":30,"column":9}},"8":{"start":{"line":33,"column":4},"end":{"line":33,"column":15}}},"fnMap":{"0":{"name":"convert","decl":{"start":{"line":8,"column":24},"end":{"line":8,"column":31}},"loc":{"start":{"line":8,"column":38},"end":{"line":34,"column":1}},"line":8},"1":{"name":"(anonymous_1)","decl":{"start":{"line":14,"column":32},"end":{"line":14,"column":33}},"loc":{"start":{"line":14,"column":38},"end":{"line":31,"column":5}},"line":14}},"branchMap":{"0":{"loc":{"start":{"line":17,"column":8},"end":{"line":21,"column":9}},"type":"if","locations":[{"start":{"line":17,"column":8},"end":{"line":21,"column":9}},{"start":{"line":19,"column":15},"end":{"line":21,"column":9}}],"line":17}},"s":{"0":3,"1":3,"2":3,"3":3,"4":30,"5":6,"6":24,"7":30,"8":3},"f":{"0":3,"1":30},"b":{"0":[6,24]},"_coverageSchema":"1a1c01bbd47fc00a2c39e90264f33305004495a9","hash":"17a33d83b60d13451cf7db99d8d0dd5e0498c99e"}
,"D:\\web\\vue_2\\vue-rss-news\\src\\utils\\pagiantionOptions.js": {"path":"D:\\web\\vue_2\\vue-rss-news\\src\\utils\\pagiantionOptions.js","statementMap":{"0":{"start":{"line":2,"column":4},"end":{"line":2,"column":90}},"1":{"start":{"line":2,"column":77},"end":{"line":2,"column":89}},"2":{"start":{"line":17,"column":19},"end":{"line":17,"column":44}},"3":{"start":{"line":18,"column":16},"end":{"line":18,"column":36}},"4":{"start":{"line":19,"column":14},"end":{"line":19,"column":34}},"5":{"start":{"line":21,"column":4},"end":{"line":32,"column":5}},"6":{"start":{"line":22,"column":8},"end":{"line":22,"column":17}},"7":{"start":{"line":23,"column":8},"end":{"line":23,"column":24}},"8":{"start":{"line":25,"column":11},"end":{"line":32,"column":5}},"9":{"start":{"line":26,"column":8},"end":{"line":26,"column":17}},"10":{"start":{"line":27,"column":8},"end":{"line":27,"column":24}},"11":{"start":{"line":29,"column":11},"end":{"line":32,"column":5}},"12":{"start":{"line":30,"column":8},"end":{"line":30,"column":39}},"13":{"start":{"line":31,"column":8},"end":{"line":31,"column":24}},"14":{"start":{"line":34,"column":4},"end":{"line":38,"column":7}},"15":{"start":{"line":35,"column":23},"end":{"line":38,"column":5}}},"fnMap":{"0":{"name":"range","decl":{"start":{"line":1,"column":9},"end":{"line":1,"column":14}},"loc":{"start":{"line":1,"column":39},"end":{"line":3,"column":1}},"line":1},"1":{"name":"(anonymous_1)","decl":{"start":{"line":2,"column":67},"end":{"line":2,"column":68}},"loc":{"start":{"line":2,"column":77},"end":{"line":2,"column":89}},"line":2},"2":{"name":"getPaginationOptions","decl":{"start":{"line":12,"column":24},"end":{"line":12,"column":44}},"loc":{"start":{"line":16,"column":3},"end":{"line":39,"column":1}},"line":16},"3":{"name":"(anonymous_3)","decl":{"start":{"line":35,"column":13},"end":{"line":35,"column":14}},"loc":{"start":{"line":35,"column":23},"end":{"line":38,"column":5}},"line":35}},"branchMap":{"0":{"loc":{"start":{"line":1,"column":29},"end":{"line":1,"column":37}},"type":"default-arg","locations":[{"start":{"line":1,"column":36},"end":{"line":1,"column":37}}],"line":1},"1":{"loc":{"start":{"line":13,"column":4},"end":{"line":13,"column":19}},"type":"default-arg","locations":[{"start":{"line":13,"column":17},"end":{"line":13,"column":19}}],"line":13},"2":{"loc":{"start":{"line":14,"column":4},"end":{"line":14,"column":19}},"type":"default-arg","locations":[{"start":{"line":14,"column":18},"end":{"line":14,"column":19}}],"line":14},"3":{"loc":{"start":{"line":21,"column":4},"end":{"line":32,"column":5}},"type":"if","locations":[{"start":{"line":21,"column":4},"end":{"line":32,"column":5}},{"start":{"line":25,"column":11},"end":{"line":32,"column":5}}],"line":21},"4":{"loc":{"start":{"line":25,"column":11},"end":{"line":32,"column":5}},"type":"if","locations":[{"start":{"line":25,"column":11},"end":{"line":32,"column":5}},{"start":{"line":29,"column":11},"end":{"line":32,"column":5}}],"line":25},"5":{"loc":{"start":{"line":29,"column":11},"end":{"line":32,"column":5}},"type":"if","locations":[{"start":{"line":29,"column":11},"end":{"line":32,"column":5}},{"start":{},"end":{}}],"line":29}},"s":{"0":10,"1":54,"2":10,"3":10,"4":10,"5":10,"6":7,"7":7,"8":3,"9":1,"10":1,"11":2,"12":1,"13":1,"14":10,"15":54},"f":{"0":10,"1":54,"2":10,"3":54},"b":{"0":[10],"1":[1],"2":[1],"3":[7,3],"4":[1,2],"5":[1,1]},"_coverageSchema":"1a1c01bbd47fc00a2c39e90264f33305004495a9","hash":"97a1abdd83cf4dc36db379d1900dfa375c86efe3"}
,"D:\\web\\vue_2\\vue-rss-news\\src\\views\\RSS404.vue": {"path":"D:\\web\\vue_2\\vue-rss-news\\src\\views\\RSS404.vue","statementMap":{"0":{"start":{"line":1,"column":0},"end":{"line":1,"column":null}}},"fnMap":{"0":{"name":"(anonymous_0)","decl":{"start":{"line":1,"column":0},"end":{"line":1,"column":null}},"loc":{"start":{"line":1,"column":0},"end":{"line":1,"column":null}}}},"branchMap":{},"s":{"0":6},"f":{"0":1},"b":{}}
,"D:\\web\\vue_2\\vue-rss-news\\src\\views\\RSSAll.vue": {"path":"D:\\web\\vue_2\\vue-rss-news\\src\\views\\RSSAll.vue","statementMap":{"0":{"start":{"line":1,"column":0},"end":{"line":1,"column":null}}},"fnMap":{"0":{"name":"(anonymous_0)","decl":{"start":{"line":1,"column":0},"end":{"line":1,"column":null}},"loc":{"start":{"line":1,"column":0},"end":{"line":1,"column":null}}}},"branchMap":{},"s":{"0":6},"f":{"0":1},"b":{}}
,"D:\\web\\vue_2\\vue-rss-news\\src\\views\\RSSMos.vue": {"path":"D:\\web\\vue_2\\vue-rss-news\\src\\views\\RSSMos.vue","statementMap":{"0":{"start":{"line":1,"column":0},"end":{"line":1,"column":null}}},"fnMap":{"0":{"name":"(anonymous_0)","decl":{"start":{"line":1,"column":0},"end":{"line":1,"column":null}},"loc":{"start":{"line":1,"column":0},"end":{"line":1,"column":null}}}},"branchMap":{},"s":{"0":6},"f":{"0":1},"b":{}}
,"D:\\web\\vue_2\\vue-rss-news\\src\\views\\RSSRia.vue": {"path":"D:\\web\\vue_2\\vue-rss-news\\src\\views\\RSSRia.vue","statementMap":{"0":{"start":{"line":1,"column":0},"end":{"line":1,"column":null}}},"fnMap":{"0":{"name":"(anonymous_0)","decl":{"start":{"line":1,"column":0},"end":{"line":1,"column":null}},"loc":{"start":{"line":1,"column":0},"end":{"line":1,"column":null}}}},"branchMap":{},"s":{"0":6},"f":{"0":1},"b":{}}
}
