TN:
SF:src\App.vue
FN:1,(anonymous_0)
FNF:1
FNH:1
FNDA:5,(anonymous_0)
DA:1,18
LF:1
LH:1
BRDA:1,0,0,1
BRDA:1,0,1,4
BRF:2
BRH:2
end_of_record
TN:
SF:src\components\RSSControls.vue
FN:1,(anonymous_0)
FNF:1
FNH:1
FNDA:8,(anonymous_0)
DA:1,28
LF:1
LH:1
BRF:0
BRH:0
end_of_record
TN:
SF:src\components\RSSHeader.vue
FN:1,(anonymous_0)
FNF:1
FNH:1
FNDA:9,(anonymous_0)
DA:1,31
LF:1
LH:1
BRDA:1,0,0,1
BRDA:1,1,0,2
BRDA:1,1,1,2
BRF:3
BRH:3
end_of_record
TN:
SF:src\components\RSSNewsItem.vue
FN:1,(anonymous_0)
FNF:1
FNH:1
FNDA:7,(anonymous_0)
DA:1,36
LF:1
LH:1
BRDA:1,0,0,6
BRDA:1,0,1,1
BRF:2
BRH:2
end_of_record
TN:
SF:src\components\RSSNewsWrapper.vue
FN:1,(anonymous_0)
FNF:1
FNH:1
FNDA:19,(anonymous_0)
DA:1,45
LF:1
LH:1
BRDA:1,0,0,6
BRDA:1,0,1,1
BRF:2
BRH:2
end_of_record
TN:
SF:src\components\RSSSprite.vue
FN:1,(anonymous_0)
FNF:1
FNH:1
FNDA:1,(anonymous_0)
DA:1,9
LF:1
LH:1
BRF:0
BRH:0
end_of_record
TN:
SF:src\components\ui\RSSPagination.vue
FN:1,(anonymous_0)
FNF:1
FNH:1
FNDA:27,(anonymous_0)
DA:1,48
LF:1
LH:1
BRDA:1,0,0,6
BRDA:1,0,1,3
BRF:2
BRH:2
end_of_record
TN:
SF:src\components\ui\RSSPaginationItem.vue
FN:1,(anonymous_1)
FNF:1
FNH:1
FNDA:5,(anonymous_1)
DA:1,33
LF:1
LH:1
BRF:0
BRH:0
end_of_record
TN:
SF:src\mocks\mosNews.js
FNF:0
FNH:0
DA:1,1
DA:28,1
LF:2
LH:2
BRF:0
BRH:0
end_of_record
TN:
SF:src\mocks\newsChannel.js
FNF:0
FNH:0
DA:1,2
DA:45,2
LF:2
LH:2
BRF:0
BRH:0
end_of_record
TN:
SF:src\mocks\riaNews.js
FNF:0
FNH:0
DA:1,1
DA:28,1
LF:2
LH:2
BRF:0
BRH:0
end_of_record
TN:
SF:src\router\index.js
FN:14,(anonymous_0)
FN:19,(anonymous_1)
FN:24,(anonymous_2)
FN:29,(anonymous_3)
FNF:4
FNH:0
FNDA:0,(anonymous_0)
FNDA:0,(anonymous_1)
FNDA:0,(anonymous_2)
FNDA:0,(anonymous_3)
DA:4,0
DA:6,0
DA:14,0
DA:19,0
DA:24,0
DA:29,0
DA:33,0
LF:7
LH:0
BRF:0
BRH:0
end_of_record
TN:
SF:src\store\index.js
FNF:0
FNH:0
DA:6,0
LF:1
LH:0
BRF:0
BRH:0
end_of_record
TN:
SF:src\store\modules\errors.js
FN:8,(anonymous_0)
FN:12,(anonymous_1)
FN:16,(anonymous_2)
FNF:3
FNH:3
FNDA:1,(anonymous_0)
FNDA:1,(anonymous_1)
FNDA:1,(anonymous_2)
DA:1,1
DA:8,1
DA:13,1
DA:17,1
LF:4
LH:4
BRF:0
BRH:0
end_of_record
TN:
SF:src\store\modules\news.js
FN:15,(anonymous_0)
FN:30,(anonymous_1)
FN:35,(anonymous_2)
FN:40,(anonymous_3)
FN:47,(anonymous_4)
FN:49,(anonymous_5)
FN:51,(anonymous_6)
FN:55,(anonymous_7)
FN:59,(anonymous_8)
FN:63,(anonymous_9)
FN:67,(anonymous_10)
FN:71,(anonymous_11)
FN:77,(anonymous_12)
FNF:13
FNH:13
FNDA:3,(anonymous_0)
FNDA:9,(anonymous_1)
FNDA:1,(anonymous_2)
FNDA:3,(anonymous_3)
FNDA:1,(anonymous_4)
FNDA:1,(anonymous_5)
FNDA:1,(anonymous_6)
FNDA:1,(anonymous_7)
FNDA:1,(anonymous_8)
FNDA:1,(anonymous_9)
FNDA:1,(anonymous_10)
FNDA:1,(anonymous_11)
FNDA:2,(anonymous_12)
DA:4,1
DA:18,3
DA:19,1
DA:22,3
DA:23,1
DA:26,3
DA:27,1
DA:30,3
DA:31,9
DA:36,1
DA:38,1
DA:40,1
DA:41,3
DA:42,1
DA:47,1
DA:49,1
DA:51,1
DA:56,1
DA:60,1
DA:64,1
DA:68,1
DA:72,1
DA:78,2
DA:79,2
DA:81,2
DA:82,2
DA:84,2
DA:86,1
DA:87,1
DA:90,1
DA:92,2
LF:31
LH:31
BRDA:18,0,0,1
BRDA:18,0,1,2
BRDA:22,1,0,1
BRDA:22,1,1,2
BRDA:26,2,0,1
BRDA:26,2,1,2
BRDA:41,3,0,1
BRDA:41,3,1,2
BRF:8
BRH:8
end_of_record
TN:
SF:src\utils\convertNews.js
FN:8,convert
FN:14,(anonymous_1)
FNF:2
FNH:2
FNDA:3,convert
FNDA:30,(anonymous_1)
DA:9,3
DA:11,3
DA:12,3
DA:14,3
DA:17,30
DA:18,6
DA:20,24
DA:23,30
DA:33,3
LF:9
LH:9
BRDA:17,0,0,6
BRDA:17,0,1,24
BRF:2
BRH:2
end_of_record
TN:
SF:src\utils\pagiantionOptions.js
FN:1,range
FN:2,(anonymous_1)
FN:12,getPaginationOptions
FN:35,(anonymous_3)
FNF:4
FNH:4
FNDA:10,range
FNDA:54,(anonymous_1)
FNDA:10,getPaginationOptions
FNDA:54,(anonymous_3)
DA:2,54
DA:17,10
DA:18,10
DA:19,10
DA:21,10
DA:22,7
DA:23,7
DA:25,3
DA:26,1
DA:27,1
DA:29,2
DA:30,1
DA:31,1
DA:34,10
DA:35,54
LF:15
LH:15
BRDA:1,0,0,10
BRDA:13,1,0,1
BRDA:14,2,0,1
BRDA:21,3,0,7
BRDA:21,3,1,3
BRDA:25,4,0,1
BRDA:25,4,1,2
BRDA:29,5,0,1
BRDA:29,5,1,1
BRF:9
BRH:9
end_of_record
TN:
SF:src\views\RSS404.vue
FN:1,(anonymous_0)
FNF:1
FNH:1
FNDA:1,(anonymous_0)
DA:1,6
LF:1
LH:1
BRF:0
BRH:0
end_of_record
TN:
SF:src\views\RSSAll.vue
FN:1,(anonymous_0)
FNF:1
FNH:1
FNDA:1,(anonymous_0)
DA:1,6
LF:1
LH:1
BRF:0
BRH:0
end_of_record
TN:
SF:src\views\RSSMos.vue
FN:1,(anonymous_0)
FNF:1
FNH:1
FNDA:1,(anonymous_0)
DA:1,6
LF:1
LH:1
BRF:0
BRH:0
end_of_record
TN:
SF:src\views\RSSRia.vue
FN:1,(anonymous_0)
FNF:1
FNH:1
FNDA:1,(anonymous_0)
DA:1,6
LF:1
LH:1
BRF:0
BRH:0
end_of_record
